#
# A fatal error has been detected by the Java Runtime Environment:
#
#  SIGSEGV (0xb) at pc=0x0000000108562714, pid=4223, tid=19203
#
# JRE version: Java(TM) SE Runtime Environment (8.0_31-b13) (build 1.8.0_31-b13)
# Java VM: Java HotSpot(TM) 64-Bit Server VM (25.31-b07 mixed mode bsd-amd64 compressed oops)
# Problematic frame:
# V  [libjvm.dylib+0x362714]
#
# Failed to write core dump. Core dumps have been disabled. To enable core dumping, try "ulimit -c unlimited" before starting Java again
#
# If you would like to submit a bug report, please visit:
#   http://bugreport.java.com/bugreport/crash.jsp
#

---------------  T H R E A D  ---------------

Current thread (0x00007fd59e01e000):  JavaThread "JDWP Transport Listener: dt_socket" daemon [_thread_in_vm, id=19203, stack(0x0000700000f47000,0x0000700001047000)]

siginfo: si_signo: 11 (SIGSEGV), si_code: 1 (SEGV_MAPERR), si_addr: 0x00007fd8bd851710

Registers:
RAX=0x00007fd59a70e540, RBX=0x00000007c0065098, RCX=0x0000000000000001, RDX=0x00007fd59d20d130
RSP=0x0000700001046970, RBP=0x00007000010469f0, RSI=0x0000000000000000, RDI=0x00007fd59d20cc70
R8 =0x00007000010468e0, R9 =0x00007000010468d8, R10=0x00007fd59a52bd60, R11=0x00007fd59a600000
R12=0x000000000000000c, R13=0x0000000064646400, R14=0x000000000000000e, R15=0x00007fd59a61f710
RIP=0x0000000108562714, EFLAGS=0x0000000000010202, ERR=0x0000000000000006
  TRAPNO=0x000000000000000e

Top of Stack: (sp=0x0000700001046970)
0x0000700001046970:   0000700001046980 000000000000000e
0x0000700001046980:   0000700001046a84 0000700001046a78
0x0000700001046990:   00007fd59e01e000 00007fd59d20cb50
0x00007000010469a0:   00007fd59d20cb80 00007fd59d20cb90
0x00007000010469b0:   00007fd59d20cc68 00000000000000d8
0x00007000010469c0:   0000700001046db0 0000700001046a78
0x00007000010469d0:   00007fd59a503d00 00007fd59e01e000
0x00007000010469e0:   0000700001046a84 000000076b274658
0x00007000010469f0:   0000700001046a60 000000010853708f
0x0000700001046a00:   00007fd59e01e000 00007fd59e01e000
0x0000700001046a10:   0000000000000000 0000700000000000
0x0000700001046a20:   0000000000000000 00007fd59e01e000
0x0000700001046a30:   00007fd59e01e000 0000000000000001
0x0000700001046a40:   00007fd59d102ba0 00007fd59a6128b0
0x0000700001046a50:   0000700001046b08 0000700001046c90
0x0000700001046a60:   0000700001046ad0 0000000107146205
0x0000700001046a70:   0000700001046aa0 0000000000000000
0x0000700001046a80:   0000000000000032 0000700001046b08
0x0000700001046a90:   0000700001046b08 0000000107174588
0x0000700001046aa0:   0000700001046ac0 0000700001046c90
0x0000700001046ab0:   0000000107168eca 00007fd59a6128b0
0x0000700001046ac0:   0000700001046b08 0000000107174588
0x0000700001046ad0:   0000700001046ae0 000000010714635c
0x0000700001046ae0:   0000700001046d00 000000010714f8f6
0x0000700001046af0:   0000f3a800000013 00000000000f0200
0x0000700001046b00:   00007fd59a62c800 0000700001046b58
0x0000700001046b10:   00007fd50000012c 0000700001046b20
0x0000700001046b20:   0000000000000000 0000700001046b58
0x0000700001046b30:   0000000000000000 0000000000000000
0x0000700001046b40:   0000f3a80000000f 00007fff00008c80
0x0000700001046b50:   0000700001046b58 0500000016000000
0x0000700001046b60:   0000000100000e59 0000005702000000 

Instructions: (pc=0x0000000108562714)
0x00000001085626f4:   45 31 e4 48 8b 83 80 01 00 00 48 8b 8b a0 01 00
0x0000000108562704:   00 4e 63 6c a1 04 4a 8b 7c e0 08 e8 90 84 fa ff
0x0000000108562714:   4b 89 04 ef 49 ff c4 4d 39 e6 75 d7 48 8b 45 88
0x0000000108562724:   48 8b 55 90 89 02 48 8b 4d 98 4c 89 39 31 db 48 

Register to memory mapping:

RAX=0x00007fd59a70e540 is an unknown value
RBX=0x00000007c0065098 is pointing into metadata
RCX=0x0000000000000001 is an unknown value
RDX=0x00007fd59d20d130 is an unknown value
RSP=0x0000700001046970 is pointing into the stack for thread: 0x00007fd59e01e000
RBP=0x00007000010469f0 is pointing into the stack for thread: 0x00007fd59e01e000
RSI=0x0000000000000000 is an unknown value
RDI=0x00007fd59d20cc70 is an unknown value
R8 =0x00007000010468e0 is pointing into the stack for thread: 0x00007fd59e01e000
R9 =0x00007000010468d8 is pointing into the stack for thread: 0x00007fd59e01e000
R10=0x00007fd59a52bd60 is an unknown value
R11=0x00007fd59a600000 is an unknown value
R12=0x000000000000000c is an unknown value
R13=0x0000000064646400 is an unknown value
R14=0x000000000000000e is an unknown value
R15=0x00007fd59a61f710 is an unknown value


Stack: [0x0000700000f47000,0x0000700001047000],  sp=0x0000700001046970,  free space=1022k
Native frames: (J=compiled Java code, j=interpreted, Vv=VM code, C=native code)
V  [libjvm.dylib+0x362714]
V  [libjvm.dylib+0x33708f]
C  [libjdwp.dylib+0x5205]  methods1+0xad
C  [libjdwp.dylib+0x535c]  methodsWithGeneric+0xe
C  [libjdwp.dylib+0xe8f6]  debugLoop_run+0x1ce
C  [libjdwp.dylib+0x1f716]  attachThread+0x4d
V  [libjvm.dylib+0x3761fe]
V  [libjvm.dylib+0x5360cf]
V  [libjvm.dylib+0x53780c]
V  [libjvm.dylib+0x45d772]
C  [libsystem_pthread.dylib+0x39b1]  _pthread_body+0x83
C  [libsystem_pthread.dylib+0x392e]  _pthread_body+0x0
C  [libsystem_pthread.dylib+0x1385]  thread_start+0xd
C  0x0000000000000000


---------------  P R O C E S S  ---------------

Java Threads: ( => current thread )
  0x00007fd59d83c000 JavaThread "Service Thread" daemon [_thread_blocked, id=22787, stack(0x000070000165c000,0x000070000175c000)]
  0x00007fd59b80f800 JavaThread "C1 CompilerThread3" daemon [_thread_blocked, id=22275, stack(0x0000700001559000,0x0000700001659000)]
  0x00007fd59d83b800 JavaThread "C2 CompilerThread2" daemon [_thread_blocked, id=21763, stack(0x0000700001456000,0x0000700001556000)]
  0x00007fd59d832800 JavaThread "C2 CompilerThread1" daemon [_thread_blocked, id=21251, stack(0x0000700001353000,0x0000700001453000)]
  0x00007fd59d831000 JavaThread "C2 CompilerThread0" daemon [_thread_blocked, id=20739, stack(0x0000700001250000,0x0000700001350000)]
  0x00007fd59a808800 JavaThread "JDWP Command Reader" daemon [_thread_in_native, id=20227, stack(0x000070000114d000,0x000070000124d000)]
  0x00007fd59d813800 JavaThread "JDWP Event Helper Thread" daemon [_thread_blocked, id=19715, stack(0x000070000104a000,0x000070000114a000)]
=>0x00007fd59e01e000 JavaThread "JDWP Transport Listener: dt_socket" daemon [_thread_in_vm, id=19203, stack(0x0000700000f47000,0x0000700001047000)]
  0x00007fd59e01a000 JavaThread "Signal Dispatcher" daemon [_thread_blocked, id=15119, stack(0x0000700000e44000,0x0000700000f44000)]
  0x00007fd59e803000 JavaThread "Finalizer" daemon [_thread_blocked, id=14339, stack(0x0000700000c3b000,0x0000700000d3b000)]
  0x00007fd59e802000 JavaThread "Reference Handler" daemon [_thread_blocked, id=13827, stack(0x0000700000b38000,0x0000700000c38000)]
  0x00007fd59d800800 JavaThread "main" [_thread_blocked, id=5891, stack(0x000070000011a000,0x000070000021a000)]

Other Threads:
  0x00007fd59b80f000 VMThread [stack: 0x0000700000a35000,0x0000700000b35000] [id=13315]
  0x00007fd59b81a800 WatcherThread [stack: 0x000070000175f000,0x000070000185f000] [id=23299]

VM state:not at safepoint (normal execution)

VM Mutex/Monitor currently owned by a thread: None

Heap:
 PSYoungGen      total 76288K, used 45882K [0x000000076ab00000, 0x0000000770000000, 0x00000007c0000000)
  eden space 65536K, 70% used [0x000000076ab00000,0x000000076d7ceb38,0x000000076eb00000)
  from space 10752K, 0% used [0x000000076f580000,0x000000076f580000,0x0000000770000000)
  to   space 10752K, 0% used [0x000000076eb00000,0x000000076eb00000,0x000000076f580000)
 ParOldGen       total 175104K, used 0K [0x00000006c0000000, 0x00000006cab00000, 0x000000076ab00000)
  object space 175104K, 0% used [0x00000006c0000000,0x00000006c0000000,0x00000006cab00000)
 Metaspace       used 8299K, capacity 8354K, committed 8448K, reserved 1056768K
  class space    used 1003K, capacity 1011K, committed 1024K, reserved 1048576K

Card table byte_map: [0x00000001184df000,0x0000000118ce0000] byte_map_base: 0x0000000114edf000

Marking Bits: (ParMarkBitMap*) 0x0000000108a9e410
 Begin Bits: [0x0000000119236000, 0x000000011d236000)
 End Bits:   [0x000000011d236000, 0x0000000121236000)

Polling page: 0x0000000107140000

CodeCache: size=245760Kb used=2941Kb max_used=2941Kb free=242818Kb
 bounds [0x000000010911f000, 0x000000010940f000, 0x000000011811f000]
 total_blobs=949 nmethods=658 adapters=214
 compilation: enabled

Compilation events (10 events):
Event: 0.912 Thread 0x00007fd59b80f800  655       3       java.util.LinkedList$Node::<init> (20 bytes)
Event: 0.913 Thread 0x00007fd59b80f800 nmethod 655 0x00000001093fe150 code [0x00000001093fe2c0, 0x00000001093fe4b0]
Event: 0.913 Thread 0x00007fd59b80f800  656       1       java.lang.reflect.Field::getName (5 bytes)
Event: 0.913 Thread 0x00007fd59b80f800 nmethod 656 0x00000001093fe550 code [0x00000001093fe6a0, 0x00000001093fe7b0]
Event: 0.913 Thread 0x00007fd59b80f800  657       3       java.util.LinkedList::add (7 bytes)
Event: 0.914 Thread 0x00007fd59b80f800 nmethod 657 0x00000001093fe810 code [0x00000001093fe980, 0x00000001093feb28]
Event: 0.914 Thread 0x00007fd59b80f800  658       3       java.util.LinkedList::linkLast (59 bytes)
Event: 0.914 Thread 0x00007fd59b80f800 nmethod 658 0x00000001093febd0 code [0x00000001093fed40, 0x00000001093ff090]
Event: 0.916 Thread 0x00007fd59b80f800  659       1       java.lang.CharacterDataLatin1::getProperties (11 bytes)
Event: 0.916 Thread 0x00007fd59b80f800 nmethod 659 0x00000001093ff1d0 code [0x00000001093ff340, 0x00000001093ff490]

GC Heap History (0 events):
No events

Deoptimization events (0 events):
No events

Internal exceptions (10 events):
Event: 0.890 Thread 0x00007fd59d800800 Exception <a 'java/security/PrivilegedActionException'> (0x000000076d724fa0) thrown at [/Users/java_re/workspace/8-2-build-macosx-x86_64/jdk8u31/2394/hotspot/src/share/vm/prims/jvm.cpp, line 1312]
Event: 0.896 Thread 0x00007fd59d800800 Exception <a 'java/security/PrivilegedActionException'> (0x000000076d737de0) thrown at [/Users/java_re/workspace/8-2-build-macosx-x86_64/jdk8u31/2394/hotspot/src/share/vm/prims/jvm.cpp, line 1312]
Event: 0.897 Thread 0x00007fd59d800800 Exception <a 'java/security/PrivilegedActionException'> (0x000000076d746ff0) thrown at [/Users/java_re/workspace/8-2-build-macosx-x86_64/jdk8u31/2394/hotspot/src/share/vm/prims/jvm.cpp, line 1312]
Event: 0.898 Thread 0x00007fd59d800800 Exception <a 'java/security/PrivilegedActionException'> (0x000000076d759af0) thrown at [/Users/java_re/workspace/8-2-build-macosx-x86_64/jdk8u31/2394/hotspot/src/share/vm/prims/jvm.cpp, line 1312]
Event: 0.899 Thread 0x00007fd59d800800 Exception <a 'java/security/PrivilegedActionException'> (0x000000076d769ce0) thrown at [/Users/java_re/workspace/8-2-build-macosx-x86_64/jdk8u31/2394/hotspot/src/share/vm/prims/jvm.cpp, line 1312]
Event: 0.901 Thread 0x00007fd59d800800 Exception <a 'java/security/PrivilegedActionException'> (0x000000076d77a5b8) thrown at [/Users/java_re/workspace/8-2-build-macosx-x86_64/jdk8u31/2394/hotspot/src/share/vm/prims/jvm.cpp, line 1312]
Event: 0.902 Thread 0x00007fd59d800800 Exception <a 'java/security/PrivilegedActionException'> (0x000000076d789720) thrown at [/Users/java_re/workspace/8-2-build-macosx-x86_64/jdk8u31/2394/hotspot/src/share/vm/prims/jvm.cpp, line 1312]
Event: 0.906 Thread 0x00007fd59d800800 Exception <a 'java/security/PrivilegedActionException'> (0x000000076d79b0b0) thrown at [/Users/java_re/workspace/8-2-build-macosx-x86_64/jdk8u31/2394/hotspot/src/share/vm/prims/jvm.cpp, line 1312]
Event: 0.913 Thread 0x00007fd59d800800 Exception <a 'java/security/PrivilegedActionException'> (0x000000076d7abf68) thrown at [/Users/java_re/workspace/8-2-build-macosx-x86_64/jdk8u31/2394/hotspot/src/share/vm/prims/jvm.cpp, line 1312]
Event: 0.916 Thread 0x00007fd59d800800 Exception <a 'java/security/PrivilegedActionException'> (0x000000076d7bcc50) thrown at [/Users/java_re/workspace/8-2-build-macosx-x86_64/jdk8u31/2394/hotspot/src/share/vm/prims/jvm.cpp, line 1312]

Events (10 events):
Event: 1445.794 Executing VM operation: ChangeBreakpoints
Event: 1445.794 Executing VM operation: ChangeBreakpoints done
Event: 1445.798 Executing VM operation: ChangeBreakpoints
Event: 1445.798 Executing VM operation: ChangeBreakpoints done
Event: 1445.805 Executing VM operation: RedefineClasses
Event: 1445.813 Executing VM operation: RedefineClasses done
Event: 1445.817 Executing VM operation: GetOrSetLocal
Event: 1445.817 Executing VM operation: GetOrSetLocal done
Event: 1445.868 Executing VM operation: ChangeBreakpoints
Event: 1445.869 Executing VM operation: ChangeBreakpoints done


Dynamic libraries:
0x000000000abec000 	/System/Library/Frameworks/Cocoa.framework/Versions/A/Cocoa
0x000000000abec000 	/System/Library/Frameworks/Security.framework/Versions/A/Security
0x000000000abec000 	/System/Library/Frameworks/ApplicationServices.framework/Versions/A/ApplicationServices
0x000000000abec000 	/usr/lib/libz.1.dylib
0x000000000abec000 	/usr/lib/libSystem.B.dylib
0x000000000abec000 	/usr/lib/libobjc.A.dylib
0x000000000abec000 	/System/Library/Frameworks/CoreFoundation.framework/Versions/A/CoreFoundation
0x000000000abec000 	/System/Library/Frameworks/Foundation.framework/Versions/C/Foundation
0x000000000abec000 	/System/Library/Frameworks/AppKit.framework/Versions/C/AppKit
0x000000000abec000 	/System/Library/Frameworks/CoreData.framework/Versions/A/CoreData
0x000000000abec000 	/System/Library/PrivateFrameworks/RemoteViewServices.framework/Versions/A/RemoteViewServices
0x000000000abec000 	/System/Library/PrivateFrameworks/UIFoundation.framework/Versions/A/UIFoundation
0x000000000abec000 	/usr/lib/libScreenReader.dylib
0x000000000abec000 	/System/Library/Frameworks/Accelerate.framework/Versions/A/Accelerate
0x000000000abec000 	/System/Library/Frameworks/IOSurface.framework/Versions/A/IOSurface
0x000000000abec000 	/System/Library/Frameworks/AudioToolbox.framework/Versions/A/AudioToolbox
0x000000000abec000 	/System/Library/Frameworks/AudioUnit.framework/Versions/A/AudioUnit
0x000000000abec000 	/System/Library/PrivateFrameworks/DataDetectorsCore.framework/Versions/A/DataDetectorsCore
0x000000000abec000 	/System/Library/PrivateFrameworks/DesktopServicesPriv.framework/Versions/A/DesktopServicesPriv
0x000000000abec000 	/System/Library/Frameworks/Carbon.framework/Versions/A/Frameworks/HIToolbox.framework/Versions/A/HIToolbox
0x000000000abec000 	/System/Library/Frameworks/QuartzCore.framework/Versions/A/QuartzCore
0x000000000abec000 	/System/Library/Frameworks/Carbon.framework/Versions/A/Frameworks/SpeechRecognition.framework/Versions/A/SpeechRecognition
0x000000000abec000 	/usr/lib/libauto.dylib
0x000000000abec000 	/usr/lib/libicucore.A.dylib
0x000000000abec000 	/usr/lib/libxml2.2.dylib
0x000000000abec000 	/System/Library/PrivateFrameworks/CoreUI.framework/Versions/A/CoreUI
0x000000000abec000 	/System/Library/Frameworks/CoreAudio.framework/Versions/A/CoreAudio
0x000000000abec000 	/System/Library/Frameworks/DiskArbitration.framework/Versions/A/DiskArbitration
0x000000000abec000 	/usr/lib/liblangid.dylib
0x000000000abec000 	/System/Library/PrivateFrameworks/MultitouchSupport.framework/Versions/A/MultitouchSupport
0x000000000abec000 	/System/Library/Frameworks/IOKit.framework/Versions/A/IOKit
0x000000000abec000 	/usr/lib/libDiagnosticMessagesClient.dylib
0x000000000abec000 	/System/Library/Frameworks/CoreServices.framework/Versions/A/CoreServices
0x000000000abec000 	/System/Library/PrivateFrameworks/PerformanceAnalysis.framework/Versions/A/PerformanceAnalysis
0x000000000abec000 	/System/Library/PrivateFrameworks/GenerationalStorage.framework/Versions/A/GenerationalStorage
0x000000000abec000 	/System/Library/Frameworks/OpenGL.framework/Versions/A/OpenGL
0x000000000abec000 	/System/Library/PrivateFrameworks/Sharing.framework/Versions/A/Sharing
0x000000000abec000 	/System/Library/Frameworks/CoreGraphics.framework/Versions/A/CoreGraphics
0x000000000abec000 	/System/Library/Frameworks/CoreImage.framework/Versions/A/CoreImage
0x000000000abec000 	/System/Library/Frameworks/CoreText.framework/Versions/A/CoreText
0x000000000abec000 	/System/Library/Frameworks/ImageIO.framework/Versions/A/ImageIO
0x000000000abec000 	/System/Library/PrivateFrameworks/Backup.framework/Versions/A/Backup
0x000000000abec000 	/usr/lib/libextension.dylib
0x000000000abec000 	/usr/lib/libarchive.2.dylib
0x000000000abec000 	/System/Library/Frameworks/CFNetwork.framework/Versions/A/CFNetwork
0x000000000abec000 	/System/Library/Frameworks/SystemConfiguration.framework/Versions/A/SystemConfiguration
0x000000000abec000 	/usr/lib/libCRFSuite.dylib
0x000000000abec000 	/usr/lib/libc++.1.dylib
0x000000000abec000 	/usr/lib/libc++abi.dylib
0x000000000abec000 	/usr/lib/system/libcache.dylib
0x000000000abec000 	/usr/lib/system/libcommonCrypto.dylib
0x000000000abec000 	/usr/lib/system/libcompiler_rt.dylib
0x000000000abec000 	/usr/lib/system/libcopyfile.dylib
0x000000000abec000 	/usr/lib/system/libcorecrypto.dylib
0x000000000abec000 	/usr/lib/system/libdispatch.dylib
0x000000000abec000 	/usr/lib/system/libdyld.dylib
0x000000000abec000 	/usr/lib/system/libkeymgr.dylib
0x000000000abec000 	/usr/lib/system/liblaunch.dylib
0x000000000abec000 	/usr/lib/system/libmacho.dylib
0x000000000abec000 	/usr/lib/system/libquarantine.dylib
0x000000000abec000 	/usr/lib/system/libremovefile.dylib
0x000000000abec000 	/usr/lib/system/libsystem_asl.dylib
0x000000000abec000 	/usr/lib/system/libsystem_blocks.dylib
0x000000000abec000 	/usr/lib/system/libsystem_c.dylib
0x000000000abec000 	/usr/lib/system/libsystem_configuration.dylib
0x000000000abec000 	/usr/lib/system/libsystem_coreservices.dylib
0x000000000abec000 	/usr/lib/system/libsystem_coretls.dylib
0x000000000abec000 	/usr/lib/system/libsystem_dnssd.dylib
0x000000000abec000 	/usr/lib/system/libsystem_info.dylib
0x000000000abec000 	/usr/lib/system/libsystem_kernel.dylib
0x000000000abec000 	/usr/lib/system/libsystem_m.dylib
0x000000000abec000 	/usr/lib/system/libsystem_malloc.dylib
0x000000000abec000 	/usr/lib/system/libsystem_network.dylib
0x000000000abec000 	/usr/lib/system/libsystem_networkextension.dylib
0x000000000abec000 	/usr/lib/system/libsystem_notify.dylib
0x000000000abec000 	/usr/lib/system/libsystem_platform.dylib
0x000000000abec000 	/usr/lib/system/libsystem_pthread.dylib
0x000000000abec000 	/usr/lib/system/libsystem_sandbox.dylib
0x000000000abec000 	/usr/lib/system/libsystem_secinit.dylib
0x000000000abec000 	/usr/lib/system/libsystem_trace.dylib
0x000000000abec000 	/usr/lib/system/libunc.dylib
0x000000000abec000 	/usr/lib/system/libunwind.dylib
0x000000000abec000 	/usr/lib/system/libxpc.dylib
0x000000000abec000 	/usr/lib/libenergytrace.dylib
0x000000000abec000 	/usr/lib/libbsm.0.dylib
0x000000000abec000 	/usr/lib/system/libkxld.dylib
0x000000000abec000 	/usr/lib/libxar.1.dylib
0x000000000abec000 	/usr/lib/libsqlite3.dylib
0x000000000abec000 	/usr/lib/libpam.2.dylib
0x000000000abec000 	/usr/lib/libOpenScriptingUtil.dylib
0x000000000abec000 	/usr/lib/libbz2.1.0.dylib
0x000000000abec000 	/usr/lib/liblzma.5.dylib
0x000000000abec000 	/System/Library/Frameworks/CoreServices.framework/Versions/A/Frameworks/FSEvents.framework/Versions/A/FSEvents
0x000000000abec000 	/System/Library/Frameworks/CoreServices.framework/Versions/A/Frameworks/CarbonCore.framework/Versions/A/CarbonCore
0x000000000abec000 	/System/Library/Frameworks/CoreServices.framework/Versions/A/Frameworks/Metadata.framework/Versions/A/Metadata
0x000000000abec000 	/System/Library/Frameworks/CoreServices.framework/Versions/A/Frameworks/OSServices.framework/Versions/A/OSServices
0x000000000abec000 	/System/Library/Frameworks/CoreServices.framework/Versions/A/Frameworks/SearchKit.framework/Versions/A/SearchKit
0x000000000abec000 	/System/Library/Frameworks/CoreServices.framework/Versions/A/Frameworks/AE.framework/Versions/A/AE
0x000000000abec000 	/System/Library/Frameworks/CoreServices.framework/Versions/A/Frameworks/LaunchServices.framework/Versions/A/LaunchServices
0x000000000abec000 	/System/Library/Frameworks/CoreServices.framework/Versions/A/Frameworks/DictionaryServices.framework/Versions/A/DictionaryServices
0x000000000abec000 	/System/Library/Frameworks/CoreServices.framework/Versions/A/Frameworks/SharedFileList.framework/Versions/A/SharedFileList
0x000000000abec000 	/System/Library/Frameworks/NetFS.framework/Versions/A/NetFS
0x000000000abec000 	/System/Library/PrivateFrameworks/NetAuth.framework/Versions/A/NetAuth
0x000000000abec000 	/System/Library/PrivateFrameworks/login.framework/Versions/A/Frameworks/loginsupport.framework/Versions/A/loginsupport
0x000000000abec000 	/System/Library/PrivateFrameworks/TCC.framework/Versions/A/TCC
0x000000000abec000 	/usr/lib/libmecabra.dylib
0x000000000abec000 	/System/Library/Frameworks/ApplicationServices.framework/Versions/A/Frameworks/ATS.framework/Versions/A/ATS
0x000000000abec000 	/System/Library/Frameworks/ApplicationServices.framework/Versions/A/Frameworks/ColorSync.framework/Versions/A/ColorSync
0x000000000abec000 	/System/Library/Frameworks/ApplicationServices.framework/Versions/A/Frameworks/HIServices.framework/Versions/A/HIServices
0x000000000abec000 	/System/Library/Frameworks/ApplicationServices.framework/Versions/A/Frameworks/LangAnalysis.framework/Versions/A/LangAnalysis
0x000000000abec000 	/System/Library/Frameworks/ApplicationServices.framework/Versions/A/Frameworks/PrintCore.framework/Versions/A/PrintCore
0x000000000abec000 	/System/Library/Frameworks/ApplicationServices.framework/Versions/A/Frameworks/QD.framework/Versions/A/QD
0x000000000abec000 	/System/Library/Frameworks/ApplicationServices.framework/Versions/A/Frameworks/SpeechSynthesis.framework/Versions/A/SpeechSynthesis
0x000000000abec000 	/System/Library/Frameworks/Metal.framework/Versions/A/Metal
0x000000000abec000 	/System/Library/Frameworks/Accelerate.framework/Versions/A/Frameworks/vImage.framework/Versions/A/vImage
0x000000000abec000 	/System/Library/Frameworks/Accelerate.framework/Versions/A/Frameworks/vecLib.framework/Versions/A/vecLib
0x000000000abec000 	/System/Library/Frameworks/Accelerate.framework/Versions/A/Frameworks/vecLib.framework/Versions/A/libvDSP.dylib
0x000000000abec000 	/System/Library/Frameworks/Accelerate.framework/Versions/A/Frameworks/vecLib.framework/Versions/A/libvMisc.dylib
0x000000000abec000 	/System/Library/Frameworks/Accelerate.framework/Versions/A/Frameworks/vecLib.framework/Versions/A/libLAPACK.dylib
0x000000000abec000 	/System/Library/Frameworks/Accelerate.framework/Versions/A/Frameworks/vecLib.framework/Versions/A/libBLAS.dylib
0x000000000abec000 	/System/Library/Frameworks/Accelerate.framework/Versions/A/Frameworks/vecLib.framework/Versions/A/libLinearAlgebra.dylib
0x000000000abec000 	/System/Library/Frameworks/Accelerate.framework/Versions/A/Frameworks/vecLib.framework/Versions/A/libSparseBLAS.dylib
0x000000000abec000 	/System/Library/PrivateFrameworks/GPUCompiler.framework/libmetal_timestamp.dylib
0x000000000abec000 	/System/Library/Frameworks/OpenGL.framework/Versions/A/Libraries/libCoreFSCache.dylib
0x000000000abec000 	/System/Library/PrivateFrameworks/IOAccelerator.framework/Versions/A/IOAccelerator
0x000000000abec000 	/System/Library/Frameworks/ApplicationServices.framework/Versions/A/Frameworks/ATS.framework/Versions/A/Resources/libFontParser.dylib
0x000000000abec000 	/System/Library/Frameworks/ApplicationServices.framework/Versions/A/Frameworks/ATS.framework/Versions/A/Resources/libFontRegistry.dylib
0x000000000abec000 	/System/Library/PrivateFrameworks/AppleVPA.framework/Versions/A/AppleVPA
0x000000000abec000 	/System/Library/PrivateFrameworks/AppleJPEG.framework/Versions/A/AppleJPEG
0x000000000abec000 	/System/Library/Frameworks/ImageIO.framework/Versions/A/Resources/libJPEG.dylib
0x000000000abec000 	/System/Library/Frameworks/ImageIO.framework/Versions/A/Resources/libTIFF.dylib
0x000000000abec000 	/System/Library/Frameworks/ImageIO.framework/Versions/A/Resources/libPng.dylib
0x000000000abec000 	/System/Library/Frameworks/ImageIO.framework/Versions/A/Resources/libGIF.dylib
0x000000000abec000 	/System/Library/Frameworks/ImageIO.framework/Versions/A/Resources/libJP2.dylib
0x000000000abec000 	/System/Library/Frameworks/ImageIO.framework/Versions/A/Resources/libRadiance.dylib
0x000000000abec000 	/System/Library/Frameworks/CoreVideo.framework/Versions/A/CoreVideo
0x000000000abec000 	/System/Library/Frameworks/OpenGL.framework/Versions/A/Libraries/libGLU.dylib
0x000000000abec000 	/System/Library/Frameworks/OpenGL.framework/Versions/A/Libraries/libGFXShared.dylib
0x000000000abec000 	/System/Library/Frameworks/OpenGL.framework/Versions/A/Libraries/libGL.dylib
0x000000000abec000 	/System/Library/Frameworks/OpenGL.framework/Versions/A/Libraries/libGLImage.dylib
0x000000000abec000 	/System/Library/Frameworks/OpenGL.framework/Versions/A/Libraries/libCVMSPluginSupport.dylib
0x000000000abec000 	/System/Library/Frameworks/OpenGL.framework/Versions/A/Libraries/libCoreVMClient.dylib
0x000000000abec000 	/usr/lib/libcups.2.dylib
0x000000000abec000 	/System/Library/Frameworks/Kerberos.framework/Versions/A/Kerberos
0x000000000abec000 	/System/Library/Frameworks/GSS.framework/Versions/A/GSS
0x000000000abec000 	/usr/lib/libresolv.9.dylib
0x000000000abec000 	/usr/lib/libiconv.2.dylib
0x000000000abec000 	/System/Library/PrivateFrameworks/Heimdal.framework/Versions/A/Heimdal
0x000000000abec000 	/usr/lib/libheimdal-asn1.dylib
0x000000000abec000 	/System/Library/Frameworks/OpenDirectory.framework/Versions/A/OpenDirectory
0x000000000abec000 	/System/Library/PrivateFrameworks/CommonAuth.framework/Versions/A/CommonAuth
0x000000000abec000 	/System/Library/Frameworks/OpenDirectory.framework/Versions/A/Frameworks/CFOpenDirectory.framework/Versions/A/CFOpenDirectory
0x000000000abec000 	/System/Library/Frameworks/SecurityFoundation.framework/Versions/A/SecurityFoundation
0x000000000abec000 	/System/Library/PrivateFrameworks/LanguageModeling.framework/Versions/A/LanguageModeling
0x000000000abec000 	/usr/lib/libmarisa.dylib
0x000000000abec000 	/usr/lib/libChineseTokenizer.dylib
0x000000000abec000 	/usr/lib/libcmph.dylib
0x000000000abec000 	/usr/lib/libcompression.dylib
0x000000000abec000 	/System/Library/Frameworks/ServiceManagement.framework/Versions/A/ServiceManagement
0x000000000abec000 	/usr/lib/libxslt.1.dylib
0x000000000abec000 	/System/Library/Frameworks/Carbon.framework/Versions/A/Frameworks/Ink.framework/Versions/A/Ink
0x000000000abec000 	/usr/lib/libFosl_dynamic.dylib
0x000000000abec000 	/System/Library/PrivateFrameworks/FaceCore.framework/Versions/A/FaceCore
0x000000000abec000 	/System/Library/Frameworks/OpenCL.framework/Versions/A/OpenCL
0x000000000abec000 	/System/Library/PrivateFrameworks/CrashReporterSupport.framework/Versions/A/CrashReporterSupport
0x000000000abec000 	/System/Library/PrivateFrameworks/IconServices.framework/Versions/A/IconServices
0x000000000abec000 	/System/Library/PrivateFrameworks/Apple80211.framework/Versions/A/Apple80211
0x000000000abec000 	/System/Library/Frameworks/CoreWLAN.framework/Versions/A/CoreWLAN
0x000000000abec000 	/System/Library/Frameworks/IOBluetooth.framework/Versions/A/IOBluetooth
0x000000000abec000 	/System/Library/PrivateFrameworks/CoreWiFi.framework/Versions/A/CoreWiFi
0x000000000abec000 	/System/Library/Frameworks/CoreBluetooth.framework/Versions/A/CoreBluetooth
0x000000000abec000 	/System/Library/PrivateFrameworks/ChunkingLibrary.framework/Versions/A/ChunkingLibrary
0x000000000abec000 	/System/Library/PrivateFrameworks/DebugSymbols.framework/Versions/A/DebugSymbols
0x000000000abec000 	/System/Library/PrivateFrameworks/CoreSymbolication.framework/Versions/A/CoreSymbolication
0x000000000abec000 	/System/Library/PrivateFrameworks/Symbolication.framework/Versions/A/Symbolication
0x000000000abec000 	/System/Library/PrivateFrameworks/SpeechRecognitionCore.framework/Versions/A/SpeechRecognitionCore
0x0000000108200000 	/Library/Java/JavaVirtualMachines/jdk1.8.0_31.jdk/Contents/Home/jre/lib/server/libjvm.dylib
0x000000000abec000 	/usr/lib/libstdc++.6.dylib
0x00000001070fe000 	/Library/Java/JavaVirtualMachines/jdk1.8.0_31.jdk/Contents/Home/jre/lib/libverify.dylib
0x000000010710c000 	/Library/Java/JavaVirtualMachines/jdk1.8.0_31.jdk/Contents/Home/jre/lib/libjava.dylib
0x0000000107141000 	/Library/Java/JavaVirtualMachines/jdk1.8.0_31.jdk/Contents/Home/jre/lib/libjdwp.dylib
0x000000010718c000 	/Library/Java/JavaVirtualMachines/jdk1.8.0_31.jdk/Contents/Home/jre/lib/libnpt.dylib
0x0000000107199000 	/Library/Java/JavaVirtualMachines/jdk1.8.0_31.jdk/Contents/Home/jre/lib/libzip.dylib
0x0000000124182000 	/System/Library/Frameworks/JavaVM.framework/Frameworks/JavaRuntimeSupport.framework/JavaRuntimeSupport
0x000000012419d000 	/System/Library/Frameworks/JavaVM.framework/Versions/A/Frameworks/JavaNativeFoundation.framework/Versions/A/JavaNativeFoundation
0x00000001071f3000 	/System/Library/Frameworks/JavaVM.framework/Versions/A/JavaVM
0x000000000abec000 	/System/Library/Frameworks/Carbon.framework/Versions/A/Carbon
0x00000001241b2000 	/System/Library/PrivateFrameworks/JavaLaunching.framework/Versions/A/JavaLaunching
0x000000000abec000 	/System/Library/Frameworks/Carbon.framework/Versions/A/Frameworks/CommonPanels.framework/Versions/A/CommonPanels
0x000000000abec000 	/System/Library/Frameworks/Carbon.framework/Versions/A/Frameworks/Help.framework/Versions/A/Help
0x000000000abec000 	/System/Library/Frameworks/Carbon.framework/Versions/A/Frameworks/ImageCapture.framework/Versions/A/ImageCapture
0x000000000abec000 	/System/Library/Frameworks/Carbon.framework/Versions/A/Frameworks/OpenScripting.framework/Versions/A/OpenScripting
0x000000000abec000 	/System/Library/Frameworks/Carbon.framework/Versions/A/Frameworks/Print.framework/Versions/A/Print
0x000000000abec000 	/System/Library/Frameworks/Carbon.framework/Versions/A/Frameworks/SecurityHI.framework/Versions/A/SecurityHI
0x0000000125ad3000 	/Library/Java/JavaVirtualMachines/jdk1.8.0_31.jdk/Contents/Home/jre/lib/libdt_socket.dylib
0x0000000126061000 	/Library/Java/JavaVirtualMachines/jdk1.8.0_31.jdk/Contents/Home/jre/lib/libnet.dylib
0x0000000126078000 	/Library/Java/JavaVirtualMachines/jdk1.8.0_31.jdk/Contents/Home/jre/lib/libmanagement.dylib

VM Arguments:
jvm_args: -agentlib:jdwp=transport=dt_socket,address=127.0.0.1:63048,suspend=y,server=n -ea -Dfile.encoding=UTF-8 
java_command: com.intellij.rt.execution.junit.JUnitStarter -ideVersion5 uk.co.jamesowen.data.BlogPostServiceImplTest,testWhatever
java_class_path (initial): /Applications/IntelliJ IDEA 14.app/Contents/lib/idea_rt.jar:/Applications/IntelliJ IDEA 14.app/Contents/plugins/junit/lib/junit-rt.jar:/Library/Java/JavaVirtualMachines/jdk1.8.0_31.jdk/Contents/Home/lib/ant-javafx.jar:/Library/Java/JavaVirtualMachines/jdk1.8.0_31.jdk/Contents/Home/lib/dt.jar:/Library/Java/JavaVirtualMachines/jdk1.8.0_31.jdk/Contents/Home/lib/javafx-mx.jar:/Library/Java/JavaVirtualMachines/jdk1.8.0_31.jdk/Contents/Home/lib/jconsole.jar:/Library/Java/JavaVirtualMachines/jdk1.8.0_31.jdk/Contents/Home/lib/sa-jdi.jar:/Library/Java/JavaVirtualMachines/jdk1.8.0_31.jdk/Contents/Home/lib/tools.jar:/Library/Java/JavaVirtualMachines/jdk1.8.0_31.jdk/Contents/Home/jre/lib/charsets.jar:/Library/Java/JavaVirtualMachines/jdk1.8.0_31.jdk/Contents/Home/jre/lib/deploy.jar:/Library/Java/JavaVirtualMachines/jdk1.8.0_31.jdk/Contents/Home/jre/lib/javaws.jar:/Library/Java/JavaVirtualMachines/jdk1.8.0_31.jdk/Contents/Home/jre/lib/jce.jar:/Library/Java/JavaVirtualMachines/jdk1.8.0_31.jdk/Contents/Home/jre/lib/jfr.jar:/Library/Java/JavaVirtualMachines/jdk1.8.0_31.jdk/Contents/Home/jre/lib/jfxswt.jar:/Library/Java/JavaVirtualMachines/jdk1.8.0_31.jdk/Contents/Home/jre/lib/jsse.jar:/Library/Java/JavaVirtualMachines/jdk1.8.0_31.jdk/Contents/Home/jre/lib/management-agent.jar:/Library/Java/JavaVirtualMachines/jdk1.8.0_31.jdk/Contents/Home/jre/lib/plugin.jar:/Library/Java/JavaVirtualMachines/jdk1.8.0_31.jdk/Contents/Home/jre/lib/resources.jar:/Library/Java/JavaVirtualMachines/jdk1.8.0_31.jdk/Contents/Home/jre/lib/rt.jar:/Library/Java/JavaVirtualMachines/jdk1.8.0_31.jdk/Contents/Home/jre/lib/ext/cldrdata.jar:/Library/Java/JavaVirtualMachines/jdk1.8.0_31.jdk/Contents/Home/jre/lib/ext/dnsns.jar:/Library/Java/JavaVirtualMachines/jdk1.8.0_31.jdk/Contents/Home/jre/lib/ext/jfxrt.jar:/Library/Java/JavaVirtualMachines/jdk1.8.0_31.jdk/Contents/Home/jre/lib/ext/localedata.jar:/Library/Java/JavaVirtualMachines/jdk1.8.0_31.jdk/Contents/Home/jre/lib/ext/nashorn.jar:/L
Launcher Type: SUN_STANDARD

Environment Variables:
PATH=/usr/local/bin:/usr/bin:/bin:/usr/sbin:/sbin
SHELL=/bin/zsh
DISPLAY=/private/tmp/com.apple.launchd.X32FvSqOsG/org.macosforge.xquartz:0

Signal Handlers:
SIGSEGV: [libjvm.dylib+0x57a0e7], sa_mask[0]=11111111011111110111111111111111, sa_flags=SA_ONSTACK|SA_RESTART|SA_SIGINFO
SIGBUS: [libjvm.dylib+0x57a0e7], sa_mask[0]=11111111011111110111111111111111, sa_flags=SA_RESTART|SA_SIGINFO
SIGFPE: [libjvm.dylib+0x45af24], sa_mask[0]=11111111011111110111111111111111, sa_flags=SA_RESTART|SA_SIGINFO
SIGPIPE: [libjvm.dylib+0x45af24], sa_mask[0]=11111111011111110111111111111111, sa_flags=SA_RESTART|SA_SIGINFO
SIGXFSZ: [libjvm.dylib+0x45af24], sa_mask[0]=11111111011111110111111111111111, sa_flags=SA_RESTART|SA_SIGINFO
SIGILL: [libjvm.dylib+0x45af24], sa_mask[0]=11111111011111110111111111111111, sa_flags=SA_RESTART|SA_SIGINFO
SIGUSR1: SIG_DFL, sa_mask[0]=00000000000000000000000000000000, sa_flags=none
SIGUSR2: [libjvm.dylib+0x45aa42], sa_mask[0]=00100000000000000000000000000000, sa_flags=SA_RESTART|SA_SIGINFO
SIGHUP: [libjvm.dylib+0x459015], sa_mask[0]=11111111011111110111111111111111, sa_flags=SA_RESTART|SA_SIGINFO
SIGINT: [libjvm.dylib+0x459015], sa_mask[0]=11111111011111110111111111111111, sa_flags=SA_RESTART|SA_SIGINFO
SIGTERM: [libjvm.dylib+0x459015], sa_mask[0]=11111111011111110111111111111111, sa_flags=SA_RESTART|SA_SIGINFO
SIGQUIT: [libjvm.dylib+0x459015], sa_mask[0]=11111111011111110111111111111111, sa_flags=SA_RESTART|SA_SIGINFO


---------------  S Y S T E M  ---------------

OS:Bsduname:Darwin 15.0.0 Darwin Kernel Version 15.0.0: Sat Sep 19 15:53:46 PDT 2015; root:xnu-3247.10.11~1/RELEASE_X86_64 x86_64
rlimit: STACK 8192k, CORE 0k, NPROC 709, NOFILE 10240, AS infinity
load average:2.19 2.00 2.00

CPU:total 8 (4 cores per cpu, 2 threads per core) family 6 model 70 stepping 1, cmov, cx8, fxsr, mmx, sse, sse2, sse3, ssse3, sse4.1, sse4.2, popcnt, avx, avx2, aes, clmul, erms, lzcnt, ht, tsc, tscinvbit, bmi1, bmi2

Memory: 4k page, physical 16777216k(340948k free)

/proc/meminfo:


vm_info: Java HotSpot(TM) 64-Bit Server VM (25.31-b07) for bsd-amd64 JRE (1.8.0_31-b13), built on Dec 17 2014 20:45:36 by "java_re" with gcc 4.2.1 (Based on Apple Inc. build 5658) (LLVM build 2336.11.00)

time: Thu Dec 31 19:35:33 2015
elapsed time: 1445 seconds (0d 0h 24m 5s)

